<?xml version="1.0" encoding="UTF-8"?>
<robot generator="Robot 3.2.2 (Python 3.9.1 on win32)" generated="20210119 15:02:31.205" rpa="false">
<suite id="s1" name="seleniumProject" source="C:\robotics\robot_workspace\seleniumProject">
<suite id="s1-s1" name="Mysql suite" source="C:\robotics\robot_workspace\seleniumProject\Mysql_suite">
<suite id="s1-s1-s1" name="Add" source="C:\robotics\robot_workspace\seleniumProject\Mysql_suite\add.robot">
<test id="s1-s1-s1-t1" name="TC1_Valid">
<kw name="Append To Environment Variable" library="OperatingSystem">
<doc>Appends given ``values`` to environment variable ``name``.</doc>
<arguments>
<arg>Path</arg>
<arg>${OUTPUT_DIR}${/}driver</arg>
</arguments>
<msg timestamp="20210119 15:02:31.573" level="INFO">Environment variable 'Path' set to value 'C:/Users/CTEA/.p2/pool/plugins/org.eclipse.justj.openjdk.hotspot.jre.full.win32.x86_64_15.0.1.v20201027-0507/jre/bin/server;C:/Users/CTEA/.p2/pool/plugins/org.eclipse.justj.openjdk.hotspot.jre.full.win32.x86_64_15.0.1.v20201027-0507/jre/bin;C:\WINDOWS\system32;C:\WINDOWS;C:\WINDOWS\System32\Wbem;C:\WINDOWS\System32\WindowsPowerShell\v1.0\;C:\Python;C:\Python\Scripts;C:\xampp\mysql\bin;C:\WINDOWS\System32\OpenSSH\;C:\Program Files\mingw-w64\x86_64-8.1.0-posix-seh-rt_v6-rev0\mingw64\bin;C:\Program Files (x86)\Groovy\bin;C:\Program Files (x86)\Groovy\bin;C:\Program Files\Java\jdk1.8.0_271\bin;C:\Users\CTEA\AppData\Local\Programs\Microsoft VS Code\bin;C:\Users\CTEA\AppData\Local\Microsoft\WindowsApps;C:\Users\CTEA\Desktop\robotics\geckodriver-v0.28.0-win32;;C:\WINDOWS\system32;;C:\robotics\robot_workspace\seleniumProject\driver'.</msg>
<status status="PASS" starttime="20210119 15:02:31.573" endtime="20210119 15:02:31.574"></status>
</kw>
<kw name="Open Browser" library="SeleniumLibrary">
<doc>Opens a new browser instance to the optional ``url``.</doc>
<arguments>
<arg>https://demo.openemr.io/b/openemr/interface/login/login.php?site=default</arg>
<arg>browser=chrome</arg>
</arguments>
<msg timestamp="20210119 15:02:31.575" level="INFO">Opening browser 'chrome' to base url 'https://demo.openemr.io/b/openemr/interface/login/login.php?site=default'.</msg>
<status status="PASS" starttime="20210119 15:02:31.575" endtime="20210119 15:02:44.526"></status>
</kw>
<kw name="Maximize Browser Window" library="SeleniumLibrary">
<doc>Maximizes current browser window.</doc>
<status status="PASS" starttime="20210119 15:02:44.526" endtime="20210119 15:02:46.733"></status>
</kw>
<kw name="Set Selenium Implicit Wait" library="SeleniumLibrary">
<doc>Sets the implicit wait value used by Selenium.</doc>
<arguments>
<arg>30s</arg>
</arguments>
<status status="PASS" starttime="20210119 15:02:46.734" endtime="20210119 15:02:46.745"></status>
</kw>
<kw name="Input Text" library="SeleniumLibrary">
<doc>Types the given ``text`` into the text field identified by ``locator``.</doc>
<arguments>
<arg>id=authUser</arg>
<arg>admin</arg>
</arguments>
<msg timestamp="20210119 15:02:46.746" level="INFO">Typing text 'admin' into text field 'id=authUser'.</msg>
<status status="PASS" starttime="20210119 15:02:46.746" endtime="20210119 15:02:47.162"></status>
</kw>
<kw name="Input Password" library="SeleniumLibrary">
<doc>Types the given password into the text field identified by ``locator``.</doc>
<arguments>
<arg>clearPass</arg>
<arg>pass</arg>
</arguments>
<msg timestamp="20210119 15:02:47.163" level="INFO">Typing password into text field 'clearPass'.</msg>
<msg timestamp="20210119 15:02:47.331" level="INFO">Temporally setting log level to: NONE</msg>
<msg timestamp="20210119 15:02:47.490" level="INFO">Log level changed from NONE to INFO.</msg>
<status status="PASS" starttime="20210119 15:02:47.162" endtime="20210119 15:02:47.491"></status>
</kw>
<kw name="Select From List By Label" library="SeleniumLibrary">
<doc>Selects options from selection list ``locator`` by ``labels``.</doc>
<arguments>
<arg>languageChoice</arg>
<arg>English (Indian)</arg>
</arguments>
<msg timestamp="20210119 15:02:47.492" level="INFO">Selecting options from selection list 'languageChoice' by label English (Indian).</msg>
<status status="PASS" starttime="20210119 15:02:47.491" endtime="20210119 15:02:47.926"></status>
</kw>
<kw name="Click Element" library="SeleniumLibrary">
<doc>Click the element identified by ``locator``.</doc>
<arguments>
<arg>//button[@type='submit']</arg>
</arguments>
<msg timestamp="20210119 15:02:47.927" level="INFO">Clicking element '//button[@type='submit']'.</msg>
<status status="PASS" starttime="20210119 15:02:47.927" endtime="20210119 15:02:55.846"></status>
</kw>
<kw name="Click Element" library="SeleniumLibrary">
<doc>Click the element identified by ``locator``.</doc>
<arguments>
<arg>//div[text()='Patient/Client']</arg>
</arguments>
<msg timestamp="20210119 15:02:55.847" level="INFO">Clicking element '//div[text()='Patient/Client']'.</msg>
<status status="PASS" starttime="20210119 15:02:55.846" endtime="20210119 15:02:56.055"></status>
</kw>
<kw name="Click Element" library="SeleniumLibrary">
<doc>Click the element identified by ``locator``.</doc>
<arguments>
<arg>//div[text()='Patients']</arg>
</arguments>
<msg timestamp="20210119 15:02:56.056" level="INFO">Clicking element '//div[text()='Patients']'.</msg>
<status status="PASS" starttime="20210119 15:02:56.056" endtime="20210119 15:02:56.358"></status>
</kw>
<kw name="Select Frame" library="SeleniumLibrary">
<doc>Sets frame identified by ``locator`` as the current frame.</doc>
<arguments>
<arg>fin</arg>
</arguments>
<msg timestamp="20210119 15:02:56.359" level="INFO">Selecting frame 'fin'.</msg>
<status status="PASS" starttime="20210119 15:02:56.359" endtime="20210119 15:02:58.074"></status>
</kw>
<kw name="Click Element" library="SeleniumLibrary">
<doc>Click the element identified by ``locator``.</doc>
<arguments>
<arg>create_patient_btn1</arg>
</arguments>
<msg timestamp="20210119 15:02:58.081" level="INFO">Clicking element 'create_patient_btn1'.</msg>
<status status="PASS" starttime="20210119 15:02:58.080" endtime="20210119 15:02:58.884"></status>
</kw>
<kw name="Unselect Frame" library="SeleniumLibrary">
<doc>Sets the main frame as the current frame.</doc>
<status status="PASS" starttime="20210119 15:02:58.885" endtime="20210119 15:02:58.899"></status>
</kw>
<kw name="Select Frame" library="SeleniumLibrary">
<doc>Sets frame identified by ``locator`` as the current frame.</doc>
<arguments>
<arg>name=pat</arg>
</arguments>
<msg timestamp="20210119 15:02:58.900" level="INFO">Selecting frame 'name=pat'.</msg>
<status status="PASS" starttime="20210119 15:02:58.899" endtime="20210119 15:03:00.904"></status>
</kw>
<kw name="Select From List By Label" library="SeleniumLibrary">
<doc>Selects options from selection list ``locator`` by ``labels``.</doc>
<arguments>
<arg>form_title</arg>
<arg>Mrs.</arg>
</arguments>
<msg timestamp="20210119 15:03:00.906" level="INFO">Selecting options from selection list 'form_title' by label Mrs..</msg>
<status status="PASS" starttime="20210119 15:03:00.905" endtime="20210119 15:03:01.778"></status>
</kw>
<kw name="Input Text" library="SeleniumLibrary">
<doc>Types the given ``text`` into the text field identified by ``locator``.</doc>
<arguments>
<arg>//input[@name='form_fname']</arg>
<arg>valli</arg>
</arguments>
<msg timestamp="20210119 15:03:01.779" level="INFO">Typing text 'valli' into text field '//input[@name='form_fname']'.</msg>
<status status="PASS" starttime="20210119 15:03:01.779" endtime="20210119 15:03:02.854"></status>
</kw>
<kw name="Input Text" library="SeleniumLibrary">
<doc>Types the given ``text`` into the text field identified by ``locator``.</doc>
<arguments>
<arg>//input[@name='form_mname']</arg>
<arg>aaaa</arg>
</arguments>
<msg timestamp="20210119 15:03:02.855" level="INFO">Typing text 'aaaa' into text field '//input[@name='form_mname']'.</msg>
<status status="PASS" starttime="20210119 15:03:02.855" endtime="20210119 15:03:03.630"></status>
</kw>
<kw name="Input Text" library="SeleniumLibrary">
<doc>Types the given ``text`` into the text field identified by ``locator``.</doc>
<arguments>
<arg>//input[@name='form_lname']</arg>
<arg>pssb</arg>
</arguments>
<msg timestamp="20210119 15:03:03.632" level="INFO">Typing text 'pssb' into text field '//input[@name='form_lname']'.</msg>
<status status="PASS" starttime="20210119 15:03:03.631" endtime="20210119 15:03:04.318"></status>
</kw>
<kw name="Input Text" library="SeleniumLibrary">
<doc>Types the given ``text`` into the text field identified by ``locator``.</doc>
<arguments>
<arg>//input[@name='form_DOB']</arg>
<arg>2021-01-15</arg>
</arguments>
<msg timestamp="20210119 15:03:04.319" level="INFO">Typing text '2021-01-15' into text field '//input[@name='form_DOB']'.</msg>
<status status="PASS" starttime="20210119 15:03:04.318" endtime="20210119 15:03:05.217"></status>
</kw>
<kw name="Select From List By Label" library="SeleniumLibrary">
<doc>Selects options from selection list ``locator`` by ``labels``.</doc>
<arguments>
<arg>form_sex</arg>
<arg>Female</arg>
</arguments>
<msg timestamp="20210119 15:03:05.219" level="INFO">Selecting options from selection list 'form_sex' by label Female.</msg>
<status status="PASS" starttime="20210119 15:03:05.218" endtime="20210119 15:03:05.757"></status>
</kw>
<kw name="Click Element" library="SeleniumLibrary">
<doc>Click the element identified by ``locator``.</doc>
<arguments>
<arg>//button[@name='create']</arg>
</arguments>
<msg timestamp="20210119 15:03:05.758" level="INFO">Clicking element '//button[@name='create']'.</msg>
<status status="PASS" starttime="20210119 15:03:05.757" endtime="20210119 15:03:06.437"></status>
</kw>
<kw name="Unselect Frame" library="SeleniumLibrary">
<doc>Sets the main frame as the current frame.</doc>
<status status="PASS" starttime="20210119 15:03:06.438" endtime="20210119 15:03:06.497"></status>
</kw>
<kw name="Select Frame" library="SeleniumLibrary">
<doc>Sets frame identified by ``locator`` as the current frame.</doc>
<arguments>
<arg>id=modalframe</arg>
</arguments>
<msg timestamp="20210119 15:03:06.499" level="INFO">Selecting frame 'id=modalframe'.</msg>
<status status="PASS" starttime="20210119 15:03:06.498" endtime="20210119 15:03:07.157"></status>
</kw>
<kw name="Click Button" library="SeleniumLibrary">
<doc>Clicks the button identified by ``locator``.</doc>
<arguments>
<arg>//input[@value='Confirm Create New Patient']</arg>
</arguments>
<msg timestamp="20210119 15:03:07.158" level="INFO">Clicking button '//input[@value='Confirm Create New Patient']'.</msg>
<status status="PASS" starttime="20210119 15:03:07.157" endtime="20210119 15:03:07.580"></status>
</kw>
<kw name="Handle Alert" library="SeleniumLibrary">
<doc>Handles the current alert and returns its message.</doc>
<arguments>
<arg>timeout=30s</arg>
</arguments>
<assign>
<var>${alert}</var>
</assign>
<msg timestamp="20210119 15:03:11.671" level="INFO">${alert} = New Due Clinical Reminders  Assessment: Tobacco  (See the Clinical Reminders widget for more details)</msg>
<status status="PASS" starttime="20210119 15:03:07.581" endtime="20210119 15:03:11.671"></status>
</kw>
<kw name="Log To Console" library="BuiltIn">
<doc>Logs the given message to the console.</doc>
<arguments>
<arg>${alert}</arg>
</arguments>
<status status="PASS" starttime="20210119 15:03:11.672" endtime="20210119 15:03:11.675"></status>
</kw>
<kw name="Run Keyword And Ignore Error" library="BuiltIn">
<doc>Runs the given keyword with the given arguments and ignores possible error.</doc>
<arguments>
<arg>Click Element</arg>
<arg>//div[@class='closeDlgIframe']</arg>
</arguments>
<kw name="Click Element" library="SeleniumLibrary">
<doc>Click the element identified by ``locator``.</doc>
<arguments>
<arg>//div[@class='closeDlgIframe']</arg>
</arguments>
<msg timestamp="20210119 15:03:11.676" level="INFO">Clicking element '//div[@class='closeDlgIframe']'.</msg>
<kw name="Capture Page Screenshot" library="SeleniumLibrary">
<doc>Takes a screenshot of the current page and embeds it into a log file.</doc>
<msg timestamp="20210119 15:03:42.171" level="INFO" html="yes">&lt;/td&gt;&lt;/tr&gt;&lt;tr&gt;&lt;td colspan="3"&gt;&lt;a href="selenium-screenshot-239.png"&gt;&lt;img src="selenium-screenshot-239.png" width="800px"&gt;&lt;/a&gt;</msg>
<status status="PASS" starttime="20210119 15:03:41.748" endtime="20210119 15:03:42.171"></status>
</kw>
<msg timestamp="20210119 15:03:42.175" level="FAIL">Element with locator '//div[@class='closeDlgIframe']' not found.</msg>
<status status="FAIL" starttime="20210119 15:03:11.676" endtime="20210119 15:03:42.175"></status>
</kw>
<status status="PASS" starttime="20210119 15:03:11.675" endtime="20210119 15:03:42.175"></status>
</kw>
<kw name="Unselect Frame" library="SeleniumLibrary">
<doc>Sets the main frame as the current frame.</doc>
<status status="PASS" starttime="20210119 15:03:42.176" endtime="20210119 15:03:42.181"></status>
</kw>
<kw name="Select Frame" library="SeleniumLibrary">
<doc>Sets frame identified by ``locator`` as the current frame.</doc>
<arguments>
<arg>name=pat</arg>
</arguments>
<msg timestamp="20210119 15:03:42.182" level="INFO">Selecting frame 'name=pat'.</msg>
<status status="PASS" starttime="20210119 15:03:42.181" endtime="20210119 15:03:42.285"></status>
</kw>
<kw name="Get Text" library="SeleniumLibrary">
<doc>Returns the text value of the element identified by ``locator``.</doc>
<arguments>
<arg>//h2[contains(text(),'Record Dashboard')]</arg>
</arguments>
<assign>
<var>${result}</var>
</assign>
<msg timestamp="20210119 15:03:42.413" level="INFO">${result} = Medical Record Dashboard - Valli Pssb</msg>
<status status="PASS" starttime="20210119 15:03:42.285" endtime="20210119 15:03:42.413"></status>
</kw>
<kw name="Log To Console" library="BuiltIn">
<doc>Logs the given message to the console.</doc>
<arguments>
<arg>${result}</arg>
</arguments>
<status status="PASS" starttime="20210119 15:03:42.413" endtime="20210119 15:03:42.414"></status>
</kw>
<kw name="Log" library="BuiltIn">
<doc>Logs the given message with the given level.</doc>
<arguments>
<arg>${result}</arg>
</arguments>
<msg timestamp="20210119 15:03:42.415" level="INFO">Medical Record Dashboard - Valli Pssb</msg>
<status status="PASS" starttime="20210119 15:03:42.414" endtime="20210119 15:03:42.415"></status>
</kw>
<kw name="Should Contain" library="BuiltIn">
<doc>Fails if ``container`` does not contain ``item`` one or more times.</doc>
<arguments>
<arg>${result}</arg>
<arg>Valli Pssb</arg>
<arg>msg=validated</arg>
</arguments>
<status status="PASS" starttime="20210119 15:03:42.415" endtime="20210119 15:03:42.416"></status>
</kw>
<kw name="Element Should Contain" library="SeleniumLibrary">
<doc>Verifies that element ``locator`` contains text ``expected``.</doc>
<arguments>
<arg>//h2[contains(text(),'Record Dashboard')]</arg>
<arg>Medical Record Dashboard - Valli Pssb</arg>
</arguments>
<msg timestamp="20210119 15:03:42.446" level="INFO">Element '//h2[contains(text(),'Record Dashboard')]' contains text 'Medical Record Dashboard - Valli Pssb'.</msg>
<status status="PASS" starttime="20210119 15:03:42.416" endtime="20210119 15:03:42.446"></status>
</kw>
<status status="PASS" starttime="20210119 15:02:31.572" endtime="20210119 15:03:42.447" critical="yes"></status>
</test>
<status status="PASS" starttime="20210119 15:02:31.303" endtime="20210119 15:03:42.448"></status>
</suite>
<status status="PASS" starttime="20210119 15:02:31.298" endtime="20210119 15:03:42.451"></status>
</suite>
<status status="PASS" starttime="20210119 15:02:31.260" endtime="20210119 15:03:42.454"></status>
</suite>
<statistics>
<total>
<stat pass="1" fail="0">Critical Tests</stat>
<stat pass="1" fail="0">All Tests</stat>
</total>
<tag>
</tag>
<suite>
<stat pass="1" fail="0" id="s1" name="seleniumProject">seleniumProject</stat>
<stat pass="1" fail="0" id="s1-s1" name="Mysql suite">seleniumProject.Mysql suite</stat>
<stat pass="1" fail="0" id="s1-s1-s1" name="Add">seleniumProject.Mysql suite.Add</stat>
</suite>
</statistics>
<errors>
</errors>
</robot>
