<?xml version="1.0" encoding="UTF-8"?>
<robot generator="Robot 3.2.2 (Python 3.9.1 on win32)" generated="20210121 10:19:56.838" rpa="false">
<suite id="s1" name="seleniumProject" source="C:\robotics\robot_workspace\seleniumProject">
<suite id="s1-s1" name="Mysql suite" source="C:\robotics\robot_workspace\seleniumProject\Mysql_suite">
<suite id="s1-s1-s1" name="Php" source="C:\robotics\robot_workspace\seleniumProject\Mysql_suite\php.robot">
<test id="s1-s1-s1-t1" name="Tc1_valid">
<kw name="Append To Environment Variable" library="OperatingSystem">
<doc>Appends given ``values`` to environment variable ``name``.</doc>
<arguments>
<arg>Path</arg>
<arg>${OUTPUT_DIR}//driver</arg>
</arguments>
<msg timestamp="20210121 10:19:57.204" level="INFO">Environment variable 'Path' set to value 'C:/Users/CTEA/.p2/pool/plugins/org.eclipse.justj.openjdk.hotspot.jre.full.win32.x86_64_15.0.1.v20201027-0507/jre/bin/server;C:/Users/CTEA/.p2/pool/plugins/org.eclipse.justj.openjdk.hotspot.jre.full.win32.x86_64_15.0.1.v20201027-0507/jre/bin;C:\WINDOWS\system32;C:\WINDOWS;C:\WINDOWS\System32\Wbem;C:\WINDOWS\System32\WindowsPowerShell\v1.0\;C:\Python;C:\Python\Scripts;C:\xampp\mysql\bin;C:\WINDOWS\System32\OpenSSH\;C:\Program Files\mingw-w64\x86_64-8.1.0-posix-seh-rt_v6-rev0\mingw64\bin;C:\Program Files (x86)\Groovy\bin;C:\Program Files (x86)\Groovy\bin;C:\Program Files\Java\jdk1.8.0_271\bin;C:\Program Files\Git\cmd;C:\Users\CTEA\AppData\Local\Programs\Microsoft VS Code\bin;C:\Users\CTEA\AppData\Local\Microsoft\WindowsApps;C:\Users\CTEA\Desktop\robotics\geckodriver-v0.28.0-win32;;C:\Users\CTEA\Desktop;;C:\robotics\robot_workspace\seleniumProject//driver'.</msg>
<status status="PASS" starttime="20210121 10:19:57.203" endtime="20210121 10:19:57.204"></status>
</kw>
<kw name="Open Browser" library="SeleniumLibrary">
<doc>Opens a new browser instance to the optional ``url``.</doc>
<arguments>
<arg>https://phptravels.net/</arg>
<arg>browser=chrome</arg>
</arguments>
<msg timestamp="20210121 10:19:57.205" level="INFO">Opening browser 'chrome' to base url 'https://phptravels.net/'.</msg>
<status status="PASS" starttime="20210121 10:19:57.205" endtime="20210121 10:20:02.279"></status>
</kw>
<kw name="Maximize Browser Window" library="SeleniumLibrary">
<doc>Maximizes current browser window.</doc>
<status status="PASS" starttime="20210121 10:20:02.279" endtime="20210121 10:20:13.626"></status>
</kw>
<kw name="Set Selenium Implicit Wait" library="SeleniumLibrary">
<doc>Sets the implicit wait value used by Selenium.</doc>
<arguments>
<arg>30s</arg>
</arguments>
<status status="PASS" starttime="20210121 10:20:13.627" endtime="20210121 10:20:13.632"></status>
</kw>
<kw name="Get Window Size" library="SeleniumLibrary">
<doc>Returns current window width and height as integers.</doc>
<assign>
<var>${width}</var>
<var>${height}</var>
</assign>
<msg timestamp="20210121 10:20:13.648" level="INFO">${width} = 1688</msg>
<msg timestamp="20210121 10:20:13.648" level="INFO">${height} = 1018</msg>
<status status="PASS" starttime="20210121 10:20:13.632" endtime="20210121 10:20:13.649"></status>
</kw>
<kw name="Log To Console" library="BuiltIn">
<doc>Logs the given message to the console.</doc>
<arguments>
<arg>${width}</arg>
</arguments>
<status status="PASS" starttime="20210121 10:20:13.649" endtime="20210121 10:20:13.650"></status>
</kw>
<kw name="Log To Console" library="BuiltIn">
<doc>Logs the given message to the console.</doc>
<arguments>
<arg>${height}</arg>
</arguments>
<status status="PASS" starttime="20210121 10:20:13.650" endtime="20210121 10:20:13.650"></status>
</kw>
<kw name="Set Window Size" library="SeleniumLibrary">
<doc>Sets current windows size to given ``width`` and ``height``.</doc>
<arguments>
<arg>500</arg>
<arg>700</arg>
</arguments>
<status status="PASS" starttime="20210121 10:20:13.651" endtime="20210121 10:20:14.149"></status>
</kw>
<kw name="Get WebElement" library="SeleniumLibrary">
<doc>Returns the first WebElement matching the given ``locator``.</doc>
<arguments>
<arg>//a[text()='INR']</arg>
</arguments>
<assign>
<var>${ele}</var>
</assign>
<msg timestamp="20210121 10:20:14.420" level="INFO">${ele} = &lt;selenium.webdriver.remote.webelement.WebElement (session="174c0ef9fed50e028a6a37f3e22b4fc5", element="de53007c-b8d8-4816-8012-87f2174b05e7")&gt;</msg>
<status status="PASS" starttime="20210121 10:20:14.150" endtime="20210121 10:20:14.420"></status>
</kw>
<kw name="Execute Javascript" library="SeleniumLibrary">
<doc>Executes the given JavaScript code with possible arguments.</doc>
<arguments>
<arg>arguments[0].click();</arg>
<arg>ARGUMENTS</arg>
<arg>${ele}</arg>
</arguments>
<msg timestamp="20210121 10:20:14.422" level="INFO">Executing JavaScript:
arguments[0].click();
By using argument:
'&lt;selenium.webdriver.remote.webelement.WebElement (session="174c0ef9fed50e028a6a37f3e22b4fc5", element="de53007c-b8d8-4816-8012-87f2174b05e7")&gt;'</msg>
<status status="PASS" starttime="20210121 10:20:14.421" endtime="20210121 10:20:14.954"></status>
</kw>
<kw name="Sleep" library="BuiltIn">
<doc>Pauses the test executed for the given time.</doc>
<arguments>
<arg>1s</arg>
</arguments>
<msg timestamp="20210121 10:20:15.955" level="INFO">Slept 1 second</msg>
<status status="PASS" starttime="20210121 10:20:14.954" endtime="20210121 10:20:15.955"></status>
</kw>
<kw name="Click Element" library="SeleniumLibrary">
<doc>Click the element identified by ``locator``.</doc>
<arguments>
<arg>//a[@data-name='flights']</arg>
</arguments>
<msg timestamp="20210121 10:20:15.957" level="INFO">Clicking element '//a[@data-name='flights']'.</msg>
<status status="PASS" starttime="20210121 10:20:15.956" endtime="20210121 10:20:20.095"></status>
</kw>
<kw name="Click Element" library="SeleniumLibrary">
<doc>Click the element identified by ``locator``.</doc>
<arguments>
<arg>//span[text()='LHE']</arg>
</arguments>
<msg timestamp="20210121 10:20:20.097" level="INFO">Clicking element '//span[text()='LHE']'.</msg>
<status status="PASS" starttime="20210121 10:20:20.096" endtime="20210121 10:20:20.768"></status>
</kw>
<kw name="Sleep" library="BuiltIn">
<doc>Pauses the test executed for the given time.</doc>
<arguments>
<arg>5s</arg>
</arguments>
<msg timestamp="20210121 10:20:25.770" level="INFO">Slept 5 seconds</msg>
<status status="PASS" starttime="20210121 10:20:20.768" endtime="20210121 10:20:25.770"></status>
</kw>
<kw name="Press Keys" library="SeleniumLibrary">
<doc>Simulates the user pressing key(s) to an element or on the active browser.</doc>
<arguments>
<arg>None</arg>
<arg>new york</arg>
</arguments>
<msg timestamp="20210121 10:20:25.772" level="INFO">Sending key(s) ('new york',) to page.</msg>
<msg timestamp="20210121 10:20:25.772" level="INFO">Sending keys new york</msg>
<status status="PASS" starttime="20210121 10:20:25.771" endtime="20210121 10:20:26.000"></status>
</kw>
<kw name="Click Element" library="SeleniumLibrary">
<doc>Click the element identified by ``locator``.</doc>
<arguments>
<arg>//div[contains(text(),'EWR')]</arg>
</arguments>
<msg timestamp="20210121 10:20:26.001" level="INFO">Clicking element '//div[contains(text(),'EWR')]'.</msg>
<status status="PASS" starttime="20210121 10:20:26.001" endtime="20210121 10:20:26.939"></status>
</kw>
<kw name="Click Element" library="SeleniumLibrary">
<doc>Click the element identified by ``locator``.</doc>
<arguments>
<arg>//span[text()='DXB']</arg>
</arguments>
<msg timestamp="20210121 10:20:26.940" level="INFO">Clicking element '//span[text()='DXB']'.</msg>
<status status="PASS" starttime="20210121 10:20:26.940" endtime="20210121 10:20:27.415"></status>
</kw>
<kw name="Press Keys" library="SeleniumLibrary">
<doc>Simulates the user pressing key(s) to an element or on the active browser.</doc>
<arguments>
<arg>None</arg>
<arg>sindal</arg>
</arguments>
<msg timestamp="20210121 10:20:27.417" level="INFO">Sending key(s) ('sindal',) to page.</msg>
<msg timestamp="20210121 10:20:27.417" level="INFO">Sending keys sindal</msg>
<status status="PASS" starttime="20210121 10:20:27.416" endtime="20210121 10:20:27.684"></status>
</kw>
<kw name="Click Element" library="SeleniumLibrary">
<doc>Click the element identified by ``locator``.</doc>
<arguments>
<arg>//div[contains(text(),'CNL')]</arg>
</arguments>
<msg timestamp="20210121 10:20:27.686" level="INFO">Clicking element '//div[contains(text(),'CNL')]'.</msg>
<status status="PASS" starttime="20210121 10:20:27.686" endtime="20210121 10:20:28.626"></status>
</kw>
<kw name="Execute Javascript" library="SeleniumLibrary">
<doc>Executes the given JavaScript code with possible arguments.</doc>
<arguments>
<arg>document.getElementById('FlightsDateStart').value='2021-01-28'</arg>
</arguments>
<msg timestamp="20210121 10:20:28.628" level="INFO">Executing JavaScript:
document.getElementById('FlightsDateStart').value='2021-01-28'
Without any arguments.</msg>
<status status="PASS" starttime="20210121 10:20:28.626" endtime="20210121 10:20:28.675"></status>
</kw>
<kw name="${i} IN RANGE [ 1 | 4 ]" type="for">
<kw name="${i} = 1" type="foritem">
<kw name="Click Element" library="SeleniumLibrary">
<doc>Click the element identified by ``locator``.</doc>
<arguments>
<arg>(//button[text()='+'])[3]</arg>
</arguments>
<msg timestamp="20210121 10:20:28.678" level="INFO">Clicking element '(//button[text()='+'])[3]'.</msg>
<status status="PASS" starttime="20210121 10:20:28.677" endtime="20210121 10:20:28.963"></status>
</kw>
<status status="PASS" starttime="20210121 10:20:28.677" endtime="20210121 10:20:28.963"></status>
</kw>
<kw name="${i} = 2" type="foritem">
<kw name="Click Element" library="SeleniumLibrary">
<doc>Click the element identified by ``locator``.</doc>
<arguments>
<arg>(//button[text()='+'])[3]</arg>
</arguments>
<msg timestamp="20210121 10:20:28.964" level="INFO">Clicking element '(//button[text()='+'])[3]'.</msg>
<status status="PASS" starttime="20210121 10:20:28.964" endtime="20210121 10:20:29.086"></status>
</kw>
<status status="PASS" starttime="20210121 10:20:28.964" endtime="20210121 10:20:29.086"></status>
</kw>
<kw name="${i} = 3" type="foritem">
<kw name="Click Element" library="SeleniumLibrary">
<doc>Click the element identified by ``locator``.</doc>
<arguments>
<arg>(//button[text()='+'])[3]</arg>
</arguments>
<msg timestamp="20210121 10:20:29.088" level="INFO">Clicking element '(//button[text()='+'])[3]'.</msg>
<status status="PASS" starttime="20210121 10:20:29.088" endtime="20210121 10:20:29.189"></status>
</kw>
<status status="PASS" starttime="20210121 10:20:29.087" endtime="20210121 10:20:29.190"></status>
</kw>
<status status="PASS" starttime="20210121 10:20:28.676" endtime="20210121 10:20:29.190"></status>
</kw>
<kw name="${i} IN RANGE [ 1 | 3 ]" type="for">
<kw name="${i} = 1" type="foritem">
<kw name="Click Element" library="SeleniumLibrary">
<doc>Click the element identified by ``locator``.</doc>
<arguments>
<arg>(//button[text()='+'])[5]</arg>
</arguments>
<msg timestamp="20210121 10:20:29.191" level="INFO">Clicking element '(//button[text()='+'])[5]'.</msg>
<status status="PASS" starttime="20210121 10:20:29.191" endtime="20210121 10:20:29.386"></status>
</kw>
<status status="PASS" starttime="20210121 10:20:29.191" endtime="20210121 10:20:29.386"></status>
</kw>
<kw name="${i} = 2" type="foritem">
<kw name="Click Element" library="SeleniumLibrary">
<doc>Click the element identified by ``locator``.</doc>
<arguments>
<arg>(//button[text()='+'])[5]</arg>
</arguments>
<msg timestamp="20210121 10:20:29.389" level="INFO">Clicking element '(//button[text()='+'])[5]'.</msg>
<status status="PASS" starttime="20210121 10:20:29.389" endtime="20210121 10:20:29.558"></status>
</kw>
<status status="PASS" starttime="20210121 10:20:29.388" endtime="20210121 10:20:29.558"></status>
</kw>
<status status="PASS" starttime="20210121 10:20:29.190" endtime="20210121 10:20:29.558"></status>
</kw>
<kw name="${i} IN RANGE [ 1 | 3 ]" type="for">
<kw name="${i} = 1" type="foritem">
<kw name="Click Element" library="SeleniumLibrary">
<doc>Click the element identified by ``locator``.</doc>
<arguments>
<arg>(//button[text()='+'])[4]</arg>
</arguments>
<msg timestamp="20210121 10:20:29.561" level="INFO">Clicking element '(//button[text()='+'])[4]'.</msg>
<status status="PASS" starttime="20210121 10:20:29.561" endtime="20210121 10:20:29.959"></status>
</kw>
<status status="PASS" starttime="20210121 10:20:29.560" endtime="20210121 10:20:29.960"></status>
</kw>
<kw name="${i} = 2" type="foritem">
<kw name="Click Element" library="SeleniumLibrary">
<doc>Click the element identified by ``locator``.</doc>
<arguments>
<arg>(//button[text()='+'])[4]</arg>
</arguments>
<msg timestamp="20210121 10:20:29.962" level="INFO">Clicking element '(//button[text()='+'])[4]'.</msg>
<status status="PASS" starttime="20210121 10:20:29.961" endtime="20210121 10:20:30.201"></status>
</kw>
<status status="PASS" starttime="20210121 10:20:29.960" endtime="20210121 10:20:30.202"></status>
</kw>
<status status="PASS" starttime="20210121 10:20:29.558" endtime="20210121 10:20:30.202"></status>
</kw>
<kw name="Click Button" library="SeleniumLibrary">
<doc>Clicks the button identified by ``locator``.</doc>
<arguments>
<arg>(//button[contains(text(),'Search')])[2]</arg>
</arguments>
<msg timestamp="20210121 10:20:30.203" level="INFO">Clicking button '(//button[contains(text(),'Search')])[2]'.</msg>
<status status="PASS" starttime="20210121 10:20:30.202" endtime="20210121 10:20:33.893"></status>
</kw>
<kw name="Click Element" library="SeleniumLibrary">
<doc>Click the element identified by ``locator``.</doc>
<arguments>
<arg>//*[text()='Book Now']</arg>
</arguments>
<msg timestamp="20210121 10:20:33.894" level="INFO">Clicking element '//*[text()='Book Now']'.</msg>
<kw name="Capture Page Screenshot" library="SeleniumLibrary">
<doc>Takes a screenshot of the current page and embeds it into a log file.</doc>
<msg timestamp="20210121 10:20:35.425" level="INFO" html="yes">&lt;/td&gt;&lt;/tr&gt;&lt;tr&gt;&lt;td colspan="3"&gt;&lt;a href="selenium-screenshot-249.png"&gt;&lt;img src="selenium-screenshot-249.png" width="800px"&gt;&lt;/a&gt;</msg>
<status status="PASS" starttime="20210121 10:20:35.142" endtime="20210121 10:20:35.425"></status>
</kw>
<msg timestamp="20210121 10:20:35.430" level="FAIL">ElementClickInterceptedException: Message: element click intercepted: Element &lt;button type="submit" class="btn btn-primary btn-block theme-search-results-item-price-btn"&gt;...&lt;/button&gt; is not clickable at point (226, 552). Other element would receive the click: &lt;a aria-label="learn more about cookies" role="button" tabindex="0" class="cc-link" href="https://phptravels.net/cookies-policy" rel="noopener noreferrer nofollow" target="_blank"&gt;...&lt;/a&gt;
  (Session info: chrome=87.0.4280.141)
</msg>
<status status="FAIL" starttime="20210121 10:20:33.893" endtime="20210121 10:20:35.430"></status>
</kw>
<status status="FAIL" starttime="20210121 10:19:57.202" endtime="20210121 10:20:35.431" critical="yes">ElementClickInterceptedException: Message: element click intercepted: Element &lt;button type="submit" class="btn btn-primary btn-block theme-search-results-item-price-btn"&gt;...&lt;/button&gt; is not clickable at point (226, 552). Other element would receive the click: &lt;a aria-label="learn more about cookies" role="button" tabindex="0" class="cc-link" href="https://phptravels.net/cookies-policy" rel="noopener noreferrer nofollow" target="_blank"&gt;...&lt;/a&gt;
  (Session info: chrome=87.0.4280.141)
</status>
</test>
<status status="FAIL" starttime="20210121 10:19:56.936" endtime="20210121 10:20:35.434"></status>
</suite>
<status status="FAIL" starttime="20210121 10:19:56.931" endtime="20210121 10:20:35.437"></status>
</suite>
<status status="FAIL" starttime="20210121 10:19:56.892" endtime="20210121 10:20:35.441"></status>
</suite>
<statistics>
<total>
<stat pass="0" fail="1">Critical Tests</stat>
<stat pass="0" fail="1">All Tests</stat>
</total>
<tag>
</tag>
<suite>
<stat pass="0" fail="1" id="s1" name="seleniumProject">seleniumProject</stat>
<stat pass="0" fail="1" id="s1-s1" name="Mysql suite">seleniumProject.Mysql suite</stat>
<stat pass="0" fail="1" id="s1-s1-s1" name="Php">seleniumProject.Mysql suite.Php</stat>
</suite>
</statistics>
<errors>
</errors>
</robot>
